<?xml version="1.0" encoding="UTF-8"?>
<!-- Generated by org.testng.reporters.JUnitXMLReporter -->
<testsuite ignored="0" hostname="Pune-Laptop508" failures="0" tests="3" name="Default test" time="0.147" errors="0" timestamp="2024-10-03T18:45:16 IST">
  <testcase classname="uiautomation.uiautomation.HomeloanTNG" name="BHK1" time="0.019"/>
  <testcase classname="uiautomation.uiautomation.HomeloanTNG" name="BHK2" time="0.003"/>
  <testcase classname="uiautomation.uiautomation.HomeloanTNG" name="BHK3" time="0.003"/>
</testsuite> <!-- Default test -->
