<?xml version="1.0" encoding="UTF-8"?>
<!-- Generated by org.testng.reporters.JUnitXMLReporter -->
<testsuite ignored="2" hostname="Pune-Laptop508" failures="0" tests="1" name="Carloan" time="0.14" errors="0" timestamp="2024-10-03T19:16:55 IST">
  <testcase classname="uiautomation.uiautomation.CarloanTNG" name="Demo2" time="0.017"/>
  <testcase classname="uiautomation.uiautomation.CarloanTNG" name="Demo1" time="0.0">
    <ignored/>
  </testcase> <!-- Demo1 -->
  <testcase classname="uiautomation.uiautomation.CarloanTNG" name="Demo3" time="0.0">
    <ignored/>
  </testcase> <!-- Demo3 -->
</testsuite> <!-- Carloan -->
