<?xml version="1.0" encoding="UTF-8"?>
<!-- Generated by org.testng.reporters.JUnitXMLReporter -->
<testsuite ignored="1" hostname="Pune-Laptop508" failures="0" tests="2" name="Homeloan" time="0.021" errors="0" timestamp="2024-10-03T19:16:55 IST">
  <testcase classname="uiautomation.uiautomation.HomeloanTNG" name="BHK1" time="0.007"/>
  <testcase classname="uiautomation.uiautomation.HomeloanTNG" name="BHK2" time="0.003"/>
  <testcase classname="uiautomation.uiautomation.HomeloanTNG" name="BHK3" time="0.0">
    <ignored/>
  </testcase> <!-- BHK3 -->
</testsuite> <!-- Homeloan -->
