<?xml version="1.0" encoding="UTF-8"?>
<!-- Generated by org.testng.reporters.JUnitXMLReporter -->
<testsuite ignored="0" hostname="Pune-Laptop508" failures="0" tests="6" name="Test" time="0.196" errors="0" timestamp="2024-10-03T18:45:38 IST">
  <testcase classname="uiautomation.uiautomation.CarloanTNG" name="Demo1" time="0.018"/>
  <testcase classname="uiautomation.uiautomation.CarloanTNG" name="Demo2" time="0.005"/>
  <testcase classname="uiautomation.uiautomation.CarloanTNG" name="Demo3" time="0.007"/>
  <testcase classname="uiautomation.uiautomation.HomeloanTNG" name="BHK1" time="0.004"/>
  <testcase classname="uiautomation.uiautomation.HomeloanTNG" name="BHK2" time="0.007"/>
  <testcase classname="uiautomation.uiautomation.HomeloanTNG" name="BHK3" time="0.003"/>
</testsuite> <!-- Test -->
